<?xml version="1.0" encoding="UTF-8"?>
<!-- Generated by org.testng.reporters.JUnitReportReporter -->
<testsuite skipped="0" hostname="Suneel" name="Samasta.Redmine_status_update" tests="2" failures="0" timestamp="2023-11-27T17:59:47 IST" time="8.322" errors="0">
  <testcase name="create_issue" time="6.120" classname="Samasta.Redmine_status_update"/>
  <system-out/>
  <testcase name="log_time" time="2.202" classname="Samasta.Redmine_status_update"/>
  <system-out/>
</testsuite> <!-- Samasta.Redmine_status_update -->
