<?xml version="1.0" encoding="UTF-8"?>
<!-- Generated by org.testng.reporters.JUnitReportReporter -->
<testsuite skipped="0" hostname="Suneel" name="Rough.Rough2" tests="2" failures="0" timestamp="2023-10-11T10:52:54 IST" time="0.011" errors="0">
  <testcase name="caa" time="0.005" classname="Rough.Rough2"/>
  <system-out/>
  <testcase name="daa" time="0.006" classname="Rough.Rough2"/>
  <system-out/>
</testsuite> <!-- Rough.Rough2 -->
