<?xml version="1.0" encoding="UTF-8"?>
<!-- Generated by org.testng.reporters.JUnitReportReporter -->
<testsuite skipped="0" hostname="DESKTOP-NNILPMS" name="Engrow_web.opschecklist" tests="3" failures="0" timestamp="2023-05-23T17:59:16 IST" time="49.246" errors="0">
  <testcase name="signin" time="2.742" classname="Engrow_web.opschecklist"/>
  <system-out/>
  <testcase name="moveto_opschecklist" time="36.374" classname="Engrow_web.opschecklist"/>
  <system-out/>
  <testcase name="selectingchecklist" time="10.130" classname="Engrow_web.opschecklist"/>
  <system-out/>
</testsuite> <!-- Engrow_web.opschecklist -->
