<?xml version="1.0" encoding="UTF-8"?>
<!-- Generated by org.testng.reporters.JUnitReportReporter -->
<testsuite skipped="0" hostname="Suneel" name="Samasta.Redmine_edit_effort_update" tests="1" failures="0" timestamp="2023-11-28T11:59:52 IST" time="16.709" errors="0">
  <testcase name="update_efforts" time="16.709" classname="Samasta.Redmine_edit_effort_update"/>
  <system-out/>
</testsuite> <!-- Samasta.Redmine_edit_effort_update -->
